[2025-01-16T10:09:10.039Z] INFO: Student added: {"id":1,"name":"Noibi Abdulrasaq","age":25,"grade":"A1"}
[2025-01-16T10:09:42.359Z] WARN: Validation failed: "age" must be greater than or equal to 15
[2025-01-16T10:09:54.285Z] INFO: Student added: {"id":2,"name":"Noibi Jamiu","age":17,"grade":"A1"}
[2025-01-16T10:10:13.113Z] INFO: Student added: {"id":3,"name":"John Doe","age":20,"grade":"B2"}
[2025-01-16T10:10:56.539Z] ERROR: id is not defined
[2025-01-16T10:11:07.022Z] ERROR: id is not defined
[2025-01-16T10:11:42.575Z] ERROR: id is not defined
[2025-01-16T10:12:38.625Z] INFO: Student added: {"id":1,"name":"John Doe","age":20,"grade":"B2"}
[2025-01-16T10:12:55.968Z] INFO: Student added: {"id":2,"name":"John Oluwaseun","age":20,"grade":"A2"}
[2025-01-16T10:16:06.720Z] WARN: Validation failed: "age" must be a number
[2025-01-20T00:00:37.357Z] INFO: Connected to the SQLite database.
[2025-01-20T00:15:09.083Z] INFO: Connected to the SQLite database.
[2025-01-20T00:17:20.538Z] INFO: Connected to the SQLite database.
[2025-01-20T00:28:23.270Z] INFO: Connected to the SQLite database.
[2025-01-22T16:28:45.757Z] INFO: Connected to the SQLite database.
[2025-01-26T15:47:06.733Z] INFO: Connected to the SQLite database.
[2025-01-26T15:53:17.585Z] INFO: Connected to the SQLite database.
[2025-01-26T15:53:35.431Z] INFO: Connected to the SQLite database.
[2025-01-26T15:53:54.534Z] INFO: Connected to the SQLite database.
[2025-01-26T15:54:28.148Z] INFO: Connected to the SQLite database.
[2025-01-26T15:57:05.040Z] INFO: Connected to the SQLite database.
[2025-01-26T16:00:32.403Z] INFO: Connected to the SQLite database.
[2025-01-26T16:00:43.265Z] INFO: Connected to the SQLite database.
[2025-01-26T18:27:33.237Z] INFO: Connected to the SQLite database.
[2025-01-26T18:28:21.117Z] INFO: Connected to the SQLite database.
[2025-01-26T18:38:10.909Z] INFO: Connected to the SQLite database.
[2025-01-26T18:43:32.631Z] INFO: Connected to the SQLite database.
[2025-01-26T18:43:33.194Z] INFO: Students table ready.
[2025-01-26T19:10:15.418Z] INFO: Connected to the SQLite database.
[2025-01-26T19:11:16.485Z] INFO: Connected to the SQLite database.
[2025-01-26T19:16:08.143Z] INFO: Connected to the SQLite database.
[2025-01-26T19:16:08.197Z] INFO: Students table ready.
[2025-01-26T19:26:24.481Z] INFO: Connected to the SQLite database.
[2025-01-26T19:26:24.570Z] INFO: Students table ready.
[2025-01-26T19:27:41.470Z] INFO: Connected to the SQLite database.
[2025-01-26T19:27:41.522Z] INFO: Students table ready.
[2025-01-26T19:33:14.478Z] INFO: Connected to the SQLite database.
[2025-01-26T19:33:14.526Z] INFO: Students table ready.
[2025-01-26T22:27:17.265Z] INFO: Connected to the SQLite database.
[2025-01-26T22:27:17.308Z] INFO: Students table ready.
